<?xml version="1.0" encoding="UTF-8"?>
<testng-results ignored="0" total="1" passed="1" failed="0" skipped="0">
  <reporter-output>
  </reporter-output>
  <suite started-at="2023-04-24T18:19:45 IST" name="Default suite" finished-at="2023-04-24T18:19:45 IST" duration-ms="51">
    <groups>
    </groups>
    <test started-at="2023-04-24T18:19:45 IST" name="Default test" finished-at="2023-04-24T18:19:45 IST" duration-ms="51">
      <class name="testNG.NewTest">
        <test-method is-config="true" signature="beforeMethod()[pri:0, instance:testNG.NewTest@52102734]" started-at="2023-04-24T18:19:45 IST" name="beforeMethod" finished-at="2023-04-24T18:19:45 IST" duration-ms="4" status="PASS">
          <reporter-output>
          </reporter-output>
        </test-method> <!-- beforeMethod -->
        <test-method signature="f()[pri:0, instance:testNG.NewTest@52102734]" started-at="2023-04-24T18:19:45 IST" name="f" finished-at="2023-04-24T18:19:45 IST" duration-ms="6" status="PASS">
          <reporter-output>
          </reporter-output>
        </test-method> <!-- f -->
        <test-method is-config="true" signature="afterMethod()[pri:0, instance:testNG.NewTest@52102734]" started-at="2023-04-24T18:19:45 IST" name="afterMethod" finished-at="2023-04-24T18:19:45 IST" duration-ms="0" status="PASS">
          <reporter-output>
          </reporter-output>
        </test-method> <!-- afterMethod -->
      </class> <!-- testNG.NewTest -->
    </test> <!-- Default test -->
  </suite> <!-- Default suite -->
</testng-results>
