<?xml version="1.0" encoding="UTF-8"?>
<testng-results ignored="0" total="2" passed="2" failed="0" skipped="0">
  <reporter-output>
  </reporter-output>
  <suite started-at="2023-04-21T12:48:37 IST" name="Default suite" finished-at="2023-04-21T12:48:37 IST" duration-ms="52">
    <groups>
    </groups>
    <test started-at="2023-04-21T12:48:37 IST" name="Default test" finished-at="2023-04-21T12:48:37 IST" duration-ms="52">
      <class name="Maven_Testng.Maven_Testng.NewTest">
        <test-method is-config="true" signature="beforeClass()[pri:0, instance:Maven_Testng.Maven_Testng.NewTest@44821a96]" started-at="2023-04-21T12:48:37 IST" name="beforeClass" finished-at="2023-04-21T12:48:37 IST" duration-ms="7" status="PASS">
          <reporter-output>
          </reporter-output>
        </test-method> <!-- beforeClass -->
        <test-method signature="f()[pri:0, instance:Maven_Testng.Maven_Testng.NewTest@44821a96]" started-at="2023-04-21T12:48:37 IST" name="f" finished-at="2023-04-21T12:48:37 IST" duration-ms="7" status="PASS">
          <reporter-output>
          </reporter-output>
        </test-method> <!-- f -->
        <test-method signature="g()[pri:0, instance:Maven_Testng.Maven_Testng.NewTest@44821a96]" started-at="2023-04-21T12:48:37 IST" name="g" finished-at="2023-04-21T12:48:37 IST" duration-ms="1" status="PASS">
          <reporter-output>
          </reporter-output>
        </test-method> <!-- g -->
        <test-method is-config="true" signature="afterClass()[pri:0, instance:Maven_Testng.Maven_Testng.NewTest@44821a96]" started-at="2023-04-21T12:48:37 IST" name="afterClass" finished-at="2023-04-21T12:48:37 IST" duration-ms="1" status="PASS">
          <reporter-output>
          </reporter-output>
        </test-method> <!-- afterClass -->
      </class> <!-- Maven_Testng.Maven_Testng.NewTest -->
    </test> <!-- Default test -->
  </suite> <!-- Default suite -->
</testng-results>
