<?xml version="1.0" encoding="UTF-8"?>
<testng-results ignored="0" total="1" passed="1" failed="0" skipped="0">
  <reporter-output>
  </reporter-output>
  <suite started-at="2023-01-21T19:17:11 IST" name="Default suite" finished-at="2023-01-21T19:17:17 IST" duration-ms="6827">
    <groups>
    </groups>
    <test started-at="2023-01-21T19:17:11 IST" name="Default test" finished-at="2023-01-21T19:17:17 IST" duration-ms="6827">
      <class name="TEST1.NewTest">
        <test-method signature="f()[pri:0, instance:TEST1.NewTest@5136d012]" started-at="2023-01-21T19:17:11 IST" name="f" finished-at="2023-01-21T19:17:17 IST" duration-ms="6794" status="PASS">
          <reporter-output>
          </reporter-output>
        </test-method> <!-- f -->
      </class> <!-- TEST1.NewTest -->
    </test> <!-- Default test -->
  </suite> <!-- Default suite -->
</testng-results>
